<?xml version="1.0" encoding="UTF-8"?>
<!-- Generated by org.testng.reporters.JUnitReportReporter -->
<testsuite hostname="DESKTOP-ADCV5S3" failures="0" tests="1" name="com.testcase.OrangeHRM" time="0.000" errors="0" timestamp="2022-09-13T23:14:31 IST" skipped="1">
  <testcase classname="com.testcase.OrangeHRM" name="loginPage" time="0.000">
    <skipped/>
  </testcase> <!-- loginPage -->
  <system-out/>
</testsuite> <!-- com.testcase.OrangeHRM -->
