<?xml version="1.0" encoding="UTF-8"?>
<!-- Generated by org.testng.reporters.JUnitReportReporter -->
<testsuite hostname="DESKTOP-ADCV5S3" failures="0" tests="8" name="com.TestCaseEmp.TC1_DetailEmp" time="0.099" errors="0" timestamp="2022-04-09T22:28:42 IST" skipped="0">
  <testcase classname="com.TestCaseEmp.TC1_DetailEmp" name="checkResponseTime" time="0.003"/>
  <system-out/>
  <testcase classname="com.TestCaseEmp.TC1_DetailEmp" name="checkcontentlength" time="0.006"/>
  <system-out/>
  <testcase classname="com.TestCaseEmp.TC1_DetailEmp" name="checkcontentEncoding" time="0.002"/>
  <system-out/>
  <testcase classname="com.TestCaseEmp.TC1_DetailEmp" name="checkContentType" time="0.022"/>
  <system-out/>
  <testcase classname="com.TestCaseEmp.TC1_DetailEmp" name="checkStatusLine" time="0.005"/>
  <system-out/>
  <testcase classname="com.TestCaseEmp.TC1_DetailEmp" name="checkServerType" time="0.009"/>
  <system-out/>
  <testcase classname="com.TestCaseEmp.TC1_DetailEmp" name="checkResponseBody" time="0.043"/>
  <system-out/>
  <testcase classname="com.TestCaseEmp.TC1_DetailEmp" name="checkStatusCode" time="0.009"/>
  <system-out/>
</testsuite> <!-- com.TestCaseEmp.TC1_DetailEmp -->
