<?xml version="1.0" encoding="UTF-8"?>
<!-- Generated by org.testng.reporters.JUnitReportReporter -->
<testsuite hostname="DESKTOP-ADCV5S3" failures="0" tests="3" name="com.TestCaseEmp.TC2_GetSingleEmp" time="0.087" errors="0" timestamp="2022-04-15T13:08:26 IST" skipped="0">
  <testcase classname="com.TestCaseEmp.TC2_GetSingleEmp" name="checkResponseBody" time="0.074"/>
  <system-out/>
  <testcase classname="com.TestCaseEmp.TC2_GetSingleEmp" name="checkStatusCode" time="0.004"/>
  <system-out/>
  <testcase classname="com.TestCaseEmp.TC2_GetSingleEmp" name="checkStatusline" time="0.009"/>
  <system-out/>
</testsuite> <!-- com.TestCaseEmp.TC2_GetSingleEmp -->
